# JRE version: OpenJDK Runtime Environment (8.0_152-b02) (build 1.8.0_152-release-1024-b02)
# Java VM: OpenJDK 64-Bit Server VM (25.152-b02 mixed mode windows-amd64 compressed oops)
Heap:
 PSYoungGen      total 267264K, used 55243K [0x00000000e0000000, 0x00000000f7900000, 0x0000000100000000)
  eden space 241664K, 22% used [0x00000000e0000000,0x00000000e35f2ca0,0x00000000eec00000)
  from space 25600K, 0% used [0x00000000eec00000,0x00000000eec00000,0x00000000f0500000)
  to   space 41984K, 0% used [0x00000000f5000000,0x00000000f5000000,0x00000000f7900000)
 ParOldGen       total 116736K, used 102039K [0x00000000a0000000, 0x00000000a7200000, 0x00000000e0000000)
  object space 116736K, 87% used [0x00000000a0000000,0x00000000a63a5f38,0x00000000a7200000)
 Metaspace       used 69941K, capacity 71816K, committed 72064K, reserved 1112064K
  class space    used 9233K, capacity 9730K, committed 9856K, reserved 1048576K
GC Heap History (10 events):
Event: 59.152 GC heap before
{Heap before GC invocations=15 (full 3):
 PSYoungGen      total 218112K, used 13147K [0x00000000e0000000, 0x00000000eec80000, 0x0000000100000000)
  eden space 204288K, 0% used [0x00000000e0000000,0x00000000e0000000,0x00000000ec780000)
  from space 13824K, 95% used [0x00000000ed680000,0x00000000ee356d30,0x00000000ee400000)
  to   space 15360K, 0% used [0x00000000ec780000,0x00000000ec780000,0x00000000ed680000)
 ParOldGen       total 70656K, used 27839K [0x00000000a0000000, 0x00000000a4500000, 0x00000000e0000000)
  object space 70656K, 39% used [0x00000000a0000000,0x00000000a1b2fce8,0x00000000a4500000)
 Metaspace       used 57258K, capacity 58964K, committed 59008K, reserved 1099776K
  class space    used 7855K, capacity 8298K, committed 8320K, reserved 1048576K
Event: 60.025 GC heap after
Heap after GC invocations=15 (full 3):
 PSYoungGen      total 218112K, used 0K [0x00000000e0000000, 0x00000000eec80000, 0x0000000100000000)
  eden space 204288K, 0% used [0x00000000e0000000,0x00000000e0000000,0x00000000ec780000)
  from space 13824K, 0% used [0x00000000ed680000,0x00000000ed680000,0x00000000ee400000)
  to   space 15360K, 0% used [0x00000000ec780000,0x00000000ec780000,0x00000000ed680000)
 ParOldGen       total 116736K, used 38739K [0x00000000a0000000, 0x00000000a7200000, 0x00000000e0000000)
  object space 116736K, 33% used [0x00000000a0000000,0x00000000a25d4e40,0x00000000a7200000)
 Metaspace       used 57258K, capacity 58964K, committed 59008K, reserved 1099776K
  class space    used 7855K, capacity 8298K, committed 8320K, reserved 1048576K
}
Event: 94.660 GC heap before
{Heap before GC invocations=16 (full 3):
 PSYoungGen      total 218112K, used 204288K [0x00000000e0000000, 0x00000000eec80000, 0x0000000100000000)
  eden space 204288K, 100% used [0x00000000e0000000,0x00000000ec780000,0x00000000ec780000)
  from space 13824K, 0% used [0x00000000ed680000,0x00000000ed680000,0x00000000ee400000)
  to   space 15360K, 0% used [0x00000000ec780000,0x00000000ec780000,0x00000000ed680000)
 ParOldGen       total 116736K, used 38739K [0x00000000a0000000, 0x00000000a7200000, 0x00000000e0000000)
  object space 116736K, 33% used [0x00000000a0000000,0x00000000a25d4e40,0x00000000a7200000)
 Metaspace       used 61543K, capacity 63356K, committed 63616K, reserved 1103872K
  class space    used 8330K, capacity 8802K, committed 8832K, reserved 1048576K
Event: 94.741 GC heap after
Heap after GC invocations=16 (full 3):
 PSYoungGen      total 219648K, used 15357K [0x00000000e0000000, 0x00000000f2600000, 0x0000000100000000)
  eden space 204288K, 0% used [0x00000000e0000000,0x00000000e0000000,0x00000000ec780000)
  from space 15360K, 99% used [0x00000000ec780000,0x00000000ed67f4f8,0x00000000ed680000)
  to   space 26112K, 0% used [0x00000000f0c80000,0x00000000f0c80000,0x00000000f2600000)
 ParOldGen       total 116736K, used 62773K [0x00000000a0000000, 0x00000000a7200000, 0x00000000e0000000)
  object space 116736K, 53% used [0x00000000a0000000,0x00000000a3d4d7c0,0x00000000a7200000)
 Metaspace       used 61543K, capacity 63356K, committed 63616K, reserved 1103872K
  class space    used 8330K, capacity 8802K, committed 8832K, reserved 1048576K
}
Event: 126.144 GC heap before
{Heap before GC invocations=17 (full 3):
 PSYoungGen      total 219648K, used 219638K [0x00000000e0000000, 0x00000000f2600000, 0x0000000100000000)
  eden space 204288K, 99% used [0x00000000e0000000,0x00000000ec77e690,0x00000000ec780000)
  from space 15360K, 99% used [0x00000000ec780000,0x00000000ed67f4f8,0x00000000ed680000)
  to   space 26112K, 0% used [0x00000000f0c80000,0x00000000f0c80000,0x00000000f2600000)
 ParOldGen       total 116736K, used 62773K [0x00000000a0000000, 0x00000000a7200000, 0x00000000e0000000)
  object space 116736K, 53% used [0x00000000a0000000,0x00000000a3d4d7c0,0x00000000a7200000)
 Metaspace       used 63794K, capacity 65610K, committed 65920K, reserved 1105920K
  class space    used 8543K, capacity 8983K, committed 9088K, reserved 1048576K
Event: 126.183 GC heap after
Heap after GC invocations=17 (full 3):
 PSYoungGen      total 259584K, used 6248K [0x00000000e0000000, 0x00000000f1e00000, 0x0000000100000000)
  eden space 241664K, 0% used [0x00000000e0000000,0x00000000e0000000,0x00000000eec00000)
  from space 17920K, 34% used [0x00000000f0c80000,0x00000000f129a0a0,0x00000000f1e00000)
  to   space 25600K, 0% used [0x00000000eec00000,0x00000000eec00000,0x00000000f0500000)
 ParOldGen       total 116736K, used 77141K [0x00000000a0000000, 0x00000000a7200000, 0x00000000e0000000)
  object space 116736K, 66% used [0x00000000a0000000,0x00000000a4b55790,0x00000000a7200000)
 Metaspace       used 63794K, capacity 65610K, committed 65920K, reserved 1105920K
  class space    used 8543K, capacity 8983K, committed 9088K, reserved 1048576K
}
Event: 142.692 GC heap before
{Heap before GC invocations=18 (full 3):
 PSYoungGen      total 259584K, used 247912K [0x00000000e0000000, 0x00000000f1e00000, 0x0000000100000000)
  eden space 241664K, 100% used [0x00000000e0000000,0x00000000eec00000,0x00000000eec00000)
  from space 17920K, 34% used [0x00000000f0c80000,0x00000000f129a0a0,0x00000000f1e00000)
  to   space 25600K, 0% used [0x00000000eec00000,0x00000000eec00000,0x00000000f0500000)
 ParOldGen       total 116736K, used 77141K [0x00000000a0000000, 0x00000000a7200000, 0x00000000e0000000)
  object space 116736K, 66% used [0x00000000a0000000,0x00000000a4b55790,0x00000000a7200000)
 Metaspace       used 69438K, capacity 71382K, committed 71424K, reserved 1112064K
  class space    used 9181K, capacity 9695K, committed 9728K, reserved 1048576K
Event: 143.566 GC heap after
Heap after GC invocations=18 (full 3):
 PSYoungGen      total 267264K, used 25591K [0x00000000e0000000, 0x00000000f7900000, 0x0000000100000000)
  eden space 241664K, 0% used [0x00000000e0000000,0x00000000e0000000,0x00000000eec00000)
  from space 25600K, 99% used [0x00000000eec00000,0x00000000f04fdc38,0x00000000f0500000)
  to   space 41984K, 0% used [0x00000000f5000000,0x00000000f5000000,0x00000000f7900000)
 ParOldGen       total 116736K, used 110990K [0x00000000a0000000, 0x00000000a7200000, 0x00000000e0000000)
  object space 116736K, 95% used [0x00000000a0000000,0x00000000a6c63b40,0x00000000a7200000)
 Metaspace       used 69438K, capacity 71382K, committed 71424K, reserved 1112064K
  class space    used 9181K, capacity 9695K, committed 9728K, reserved 1048576K
}
Event: 143.568 GC heap before
{Heap before GC invocations=19 (full 4):
 PSYoungGen      total 267264K, used 25591K [0x00000000e0000000, 0x00000000f7900000, 0x0000000100000000)
  eden space 241664K, 0% used [0x00000000e0000000,0x00000000e0000000,0x00000000eec00000)
  from space 25600K, 99% used [0x00000000eec00000,0x00000000f04fdc38,0x00000000f0500000)
  to   space 41984K, 0% used [0x00000000f5000000,0x00000000f5000000,0x00000000f7900000)
 ParOldGen       total 116736K, used 110990K [0x00000000a0000000, 0x00000000a7200000, 0x00000000e0000000)
  object space 116736K, 95% used [0x00000000a0000000,0x00000000a6c63b40,0x00000000a7200000)
 Metaspace       used 69438K, capacity 71382K, committed 71424K, reserved 1112064K
  class space    used 9181K, capacity 9695K, committed 9728K, reserved 1048576K
Event: 144.653 GC heap after
Heap after GC invocations=19 (full 4):
 PSYoungGen      total 267264K, used 0K [0x00000000e0000000, 0x00000000f7900000, 0x0000000100000000)
  eden space 241664K, 0% used [0x00000000e0000000,0x00000000e0000000,0x00000000eec00000)
  from space 25600K, 0% used [0x00000000eec00000,0x00000000eec00000,0x00000000f0500000)
  to   space 41984K, 0% used [0x00000000f5000000,0x00000000f5000000,0x00000000f7900000)
 ParOldGen       total 116736K, used 102039K [0x00000000a0000000, 0x00000000a7200000, 0x00000000e0000000)
  object space 116736K, 87% used [0x00000000a0000000,0x00000000a63a5f38,0x00000000a7200000)
 Metaspace       used 69438K, capacity 71382K, committed 71424K, reserved 1112064K
  class space    used 9181K, capacity 9695K, committed 9728K, reserved 1048576K
}

